<?xml version="1.0" encoding="UTF-8"?>
<!-- Generated by org.testng.reporters.JUnitXMLReporter -->
<testsuite hostname="nandoorath00170" ignored="0" name="Test" tests="4" failures="2" timestamp="14 Mar 2018 14:44:25 GMT" time="34.031" errors="0">
  <testcase name="@AfterTest tearDown" time="0.015" classname="Training.rediffLogoTest">
    <failure type="org.openqa.selenium.SessionNotCreatedException" message="Tried to run command without establishing a connection
Build info: version: &amp;apos;3.11.0&amp;apos;, revision: &amp;apos;e59cfb3&amp;apos;, time: &amp;apos;2018-03-11T20:26:55.152Z&amp;apos;
System info: host: &amp;apos;NANDOORATH00170&amp;apos;, ip: &amp;apos;10.17.5.87&amp;apos;, os.name: &amp;apos;Windows 10&amp;apos;, os.arch: &amp;apos;amd64&amp;apos;, os.version: &amp;apos;10.0&amp;apos;, java.version: &amp;apos;1.8.0_161&amp;apos;
Driver info: org.openqa.selenium.firefox.FirefoxDriver
Capabilities {acceptInsecureCerts: true, browserName: firefox, browserVersion: 58.0.2, javascriptEnabled: true, moz:accessibilityChecks: false, moz:headless: false, moz:processID: 21572, moz:profile: C:\Users\nandoorath001\AppD..., moz:webdriverClick: true, pageLoadStrategy: normal, platform: XP, platformName: XP, platformVersion: 10.0, rotatable: false, timeouts: {implicit: 0, pageLoad: 300000, script: 30000}}
Session ID: 906dffe9-aa37-4e90-9f6b-e8a183b3077e">
      <![CDATA[org.openqa.selenium.SessionNotCreatedException: Tried to run command without establishing a connection
Build info: version: '3.11.0', revision: 'e59cfb3', time: '2018-03-11T20:26:55.152Z'
System info: host: 'NANDOORATH00170', ip: '10.17.5.87', os.name: 'Windows 10', os.arch: 'amd64', os.version: '10.0', java.version: '1.8.0_161'
Driver info: org.openqa.selenium.firefox.FirefoxDriver
Capabilities {acceptInsecureCerts: true, browserName: firefox, browserVersion: 58.0.2, javascriptEnabled: true, moz:accessibilityChecks: false, moz:headless: false, moz:processID: 21572, moz:profile: C:\Users\nandoorath001\AppD..., moz:webdriverClick: true, pageLoadStrategy: normal, platform: XP, platformName: XP, platformVersion: 10.0, rotatable: false, timeouts: {implicit: 0, pageLoad: 300000, script: 30000}}
Session ID: 906dffe9-aa37-4e90-9f6b-e8a183b3077e
at org.openqa.selenium.remote.http.W3CHttpResponseCodec.createException(W3CHttpResponseCodec.java:187)
at org.openqa.selenium.remote.http.W3CHttpResponseCodec.decode(W3CHttpResponseCodec.java:122)
at org.openqa.selenium.remote.http.W3CHttpResponseCodec.decode(W3CHttpResponseCodec.java:49)
at org.openqa.selenium.remote.HttpCommandExecutor.execute(HttpCommandExecutor.java:158)
at org.openqa.selenium.remote.service.DriverCommandExecutor.execute(DriverCommandExecutor.java:83)
at org.openqa.selenium.remote.RemoteWebDriver.execute(RemoteWebDriver.java:545)
at org.openqa.selenium.remote.RemoteWebDriver.execute(RemoteWebDriver.java:602)
at org.openqa.selenium.remote.RemoteWebDriver.close(RemoteWebDriver.java:435)
at Training.rediffLogoTest.tearDown(rediffLogoTest.java:41)
... Removed 28 stack frames]]>
    </failure>
  </testcase> <!-- @AfterTest tearDown -->
  <testcase name="@AfterTest tearDown" time="0.0" classname="Training.rediffMainTest">
    <skipped/>
  </testcase> <!-- @AfterTest tearDown -->
  <testcase name="elementValidation" time="4.54" classname="Training.rediffElementTest">
    <failure type="java.lang.AssertionError" message="expected [false] but found [true]">
      <![CDATA[java.lang.AssertionError: expected [false] but found [true]
at Training.rediffElementTest.elementValidation(rediffElementTest.java:33)
... Removed 29 stack frames]]>
    </failure>
  </testcase> <!-- elementValidation -->
  <testcase name="loginNavigation" time="12.314" classname="Training.rediffMainTest"/>
  <testcase name="loginNavigation" time="2.487" classname="Training.rediffMainTest"/>
  <testcase name="logoValidation" time="0.512" classname="Training.rediffLogoTest">
    <failure type="java.lang.AssertionError" message="expected [Forgot Password] but found [Forgot Password?]">
      <![CDATA[java.lang.AssertionError: expected [Forgot Password] but found [Forgot Password?]
at Training.rediffLogoTest.logoValidation(rediffLogoTest.java:35)
... Removed 31 stack frames]]>
    </failure>
  </testcase> <!-- logoValidation -->
</testsuite> <!-- Test -->
